[INFO  - 2016-03-08T18:32:15.599Z] GhostDriver - Main - running on port 60152
[INFO  - 2016-03-08T18:32:15.911Z] Session [15238730-e55c-11e5-9304-231f411f9d4c] - page.settings - {"XSSAuditingEnabled":false,"javascriptCanCloseWindows":true,"javascriptCanOpenWindows":true,"javascriptEnabled":true,"loadImages":true,"localToRemoteUrlAccessEnabled":false,"userAgent":"Mozilla/5.0 (Macintosh; Intel Mac OS X) AppleWebKit/538.1 (KHTML, like Gecko) PhantomJS/2.1.1 Safari/538.1","webSecurityEnabled":true}
[INFO  - 2016-03-08T18:32:15.912Z] Session [15238730-e55c-11e5-9304-231f411f9d4c] - page.customHeaders:  - {}
[INFO  - 2016-03-08T18:32:15.912Z] Session [15238730-e55c-11e5-9304-231f411f9d4c] - Session.negotiatedCapabilities - {"browserName":"phantomjs","version":"2.1.1","driverName":"ghostdriver","driverVersion":"1.2.0","platform":"mac-10.10 (Yosemite)-64bit","javascriptEnabled":true,"takesScreenshot":true,"handlesAlerts":false,"databaseEnabled":false,"locationContextEnabled":false,"applicationCacheEnabled":false,"browserConnectionEnabled":false,"cssSelectorsEnabled":true,"webStorageEnabled":false,"rotatable":false,"acceptSslCerts":false,"nativeEvents":true,"proxy":{"proxyType":"direct"}}
[INFO  - 2016-03-08T18:32:15.912Z] SessionManagerReqHand - _postNewSessionCommand - New Session Created: 15238730-e55c-11e5-9304-231f411f9d4c
[ERROR - 2016-03-08T18:32:19.173Z] Session [15238730-e55c-11e5-9304-231f411f9d4c] - page.onError - msg: [OneID] [%s]:  ERROR Already initialized

  phantomjs://platform/console++.js:263 in error
[ERROR - 2016-03-08T18:32:19.174Z] Session [15238730-e55c-11e5-9304-231f411f9d4c] - page.onError - stack:
  error (:0)

  phantomjs://platform/console++.js:263 in error
[ERROR - 2016-03-08T18:32:20.645Z] WebElementLocator - _handleLocateCommand - Element(s) NOT Found: GAVE UP. Search Stop Time: 1457461940612

  phantomjs://platform/console++.js:263 in error
[INFO  - 2016-03-08T19:46:01.725Z] SessionManagerReqHand - _cleanupWindowlessSessions - Asynchronous Sessions clean-up phase starting NOW
[INFO  - 2016-03-08T19:51:01.735Z] SessionManagerReqHand - _cleanupWindowlessSessions - Asynchronous Sessions clean-up phase starting NOW
[INFO  - 2016-03-08T19:56:01.746Z] SessionManagerReqHand - _cleanupWindowlessSessions - Asynchronous Sessions clean-up phase starting NOW
[INFO  - 2016-03-08T20:01:01.756Z] SessionManagerReqHand - _cleanupWindowlessSessions - Asynchronous Sessions clean-up phase starting NOW
[INFO  - 2016-03-08T20:06:01.767Z] SessionManagerReqHand - _cleanupWindowlessSessions - Asynchronous Sessions clean-up phase starting NOW
events.js:141
      throw er; // Unhandled 'error' event
      ^

Error: read EIO
    at exports._errnoException (util.js:860:11)
    at TTY.onread (net.js:544:26)
